Using pre-set license
Built from '2020.2/release' branch; Version is '2020.2.2f1 (068178b99f32) revision 426360'; Using compiler version '192528614'; Build Type 'Release'
OS: 'Windows 10 Home; OS build 18363.1379; Version 1909; 64bit' Language: 'en' Physical Memory: 8144 MB
BatchMode: 1, IsHumanControllingUs: 0, StartBugReporterOnCrash: 0, Is64bit: 1, IsPro: 0

 COMMAND LINE ARGUMENTS:
C:\Program Files\Unity\Hub\Editor\2020.2.2f1\Editor\Unity.exe
-adb2
-batchMode
-noUpm
-name
AssetImportWorker0
-projectPath
E:/repos/afgd-exercises
-logFile
Logs/AssetImportWorker0.log
-srvPort
52864
Successfully changed project path to: E:/repos/afgd-exercises
E:/repos/afgd-exercises
Using Asset Import Pipeline V2.
Refreshing native plugins compatible for Editor in 36.09 ms, found 0 plugins.
Preloading 0 native plugins for Editor in 0.00 ms.
Initialize engine version: 2020.2.2f1 (068178b99f32)
[Subsystems] Discovering subsystems at path C:/Program Files/Unity/Hub/Editor/2020.2.2f1/Editor/Data/Resources/UnitySubsystems
[Subsystems] Discovering subsystems at path E:/repos/afgd-exercises/Assets
GfxDevice: creating device client; threaded=0
Direct3D:
    Version:  Direct3D 11.0 [level 11.1]
    Renderer: NVIDIA GeForce GTX 1050 Ti (ID=0x1c82)
    Vendor:   
    VRAM:     4018 MB
    Driver:   27.21.14.5671
Initialize mono
Mono path[0] = 'C:/Program Files/Unity/Hub/Editor/2020.2.2f1/Editor/Data/Managed'
Mono path[1] = 'C:/Program Files/Unity/Hub/Editor/2020.2.2f1/Editor/Data/MonoBleedingEdge/lib/mono/unityjit'
Mono config path = 'C:/Program Files/Unity/Hub/Editor/2020.2.2f1/Editor/Data/MonoBleedingEdge/etc'
Using monoOptions --debugger-agent=transport=dt_socket,embedding=1,server=y,suspend=n,address=127.0.0.1:56832
Begin MonoManager ReloadAssembly
Registering precompiled unity dll's ...
Register platform support module: C:/Program Files/Unity/Hub/Editor/2020.2.2f1/Editor/Data/PlaybackEngines/WindowsStandaloneSupport/UnityEditor.WindowsStandalone.Extensions.dll
Registered in 0.010740 seconds.
Native extension for WindowsStandalone target not found
Refreshing native plugins compatible for Editor in 66.42 ms, found 0 plugins.
Preloading 0 native plugins for Editor in 0.00 ms.
Invoked RoslynAnalysisRunner static constructor.
RoslynAnalysisRunner will not be running.
RoslynAnalysisRunner has terminated.
Mono: successfully reloaded assembly
- Completed reload, in  7.200 seconds
Platform modules already initialized, skipping
Registering precompiled user dll's ...
Registered in 0.001732 seconds.
Begin MonoManager ReloadAssembly
Native extension for WindowsStandalone target not found
Refreshing native plugins compatible for Editor in 0.26 ms, found 0 plugins.
Preloading 0 native plugins for Editor in 0.00 ms.
Invoked RoslynAnalysisRunner static constructor.
RoslynAnalysisRunner will not be running.
RoslynAnalysisRunner has terminated.
Mono: successfully reloaded assembly
- Completed reload, in  1.670 seconds
Platform modules already initialized, skipping
========================================================================
Worker process is ready to serve import requests
Launched and connected shader compiler UnityShaderCompiler.exe after 0.09 seconds
Refreshing native plugins compatible for Editor in 0.24 ms, found 0 plugins.
Preloading 0 native plugins for Editor in 0.00 ms.
Unloading 1119 Unused Serialized files (Serialized files now loaded: 0)
System memory in use before: 57.1 MB.
System memory in use after: 57.2 MB.

Unloading 9 unused Assets to reduce memory usage. Loaded Objects now: 1561.
Total: 2.380400 ms (FindLiveObjects: 0.270000 ms CreateObjectMapping: 0.068000 ms MarkObjects: 1.943100 ms  DeleteObjects: 0.096800 ms)

========================================================================
Received Import Request.
  path: Assets/Exercises/Exercise2/MoveAlongPath.cs
  artifactKey: Guid(987a94d46ac7d84469930ead9109f127) Importer(815301076,1909f56bfc062723c751e8b465ee728b)
Start importing Assets/Exercises/Exercise2/MoveAlongPath.cs using Guid(987a94d46ac7d84469930ead9109f127) Importer(815301076,1909f56bfc062723c751e8b465ee728b)  -> (artifact id: '727e0b497f17c4bce0df5151865ff057') in 0.155252 seconds
  Import took 0.164421 seconds .

========================================================================
Received Prepare
Registering precompiled user dll's ...
Registered in 0.004421 seconds.
Begin MonoManager ReloadAssembly
Native extension for WindowsStandalone target not found
Refreshing native plugins compatible for Editor in 0.30 ms, found 0 plugins.
Preloading 0 native plugins for Editor in 0.00 ms.
Invoked RoslynAnalysisRunner static constructor.
RoslynAnalysisRunner will not be running.
RoslynAnalysisRunner has terminated.
Mono: successfully reloaded assembly
- Completed reload, in  5.156 seconds
Platform modules already initialized, skipping
Refreshing native plugins compatible for Editor in 0.25 ms, found 0 plugins.
Preloading 0 native plugins for Editor in 0.00 ms.
Unloading 1113 Unused Serialized files (Serialized files now loaded: 0)
System memory in use before: 57.1 MB.
System memory in use after: 57.2 MB.

Unloading 4 unused Assets to reduce memory usage. Loaded Objects now: 1563.
Total: 2.644500 ms (FindLiveObjects: 0.185000 ms CreateObjectMapping: 0.035000 ms MarkObjects: 2.395400 ms  DeleteObjects: 0.026600 ms)

========================================================================
Received Prepare
Registering precompiled user dll's ...
Registered in 0.000720 seconds.
Begin MonoManager ReloadAssembly
Native extension for WindowsStandalone target not found
Refreshing native plugins compatible for Editor in 0.24 ms, found 0 plugins.
Preloading 0 native plugins for Editor in 0.00 ms.
Invoked RoslynAnalysisRunner static constructor.
RoslynAnalysisRunner will not be running.
RoslynAnalysisRunner has terminated.
Mono: successfully reloaded assembly
- Completed reload, in  1.238 seconds
Platform modules already initialized, skipping
Refreshing native plugins compatible for Editor in 0.24 ms, found 0 plugins.
Preloading 0 native plugins for Editor in 0.00 ms.
Unloading 1113 Unused Serialized files (Serialized files now loaded: 0)
System memory in use before: 57.3 MB.
System memory in use after: 57.4 MB.

Unloading 4 unused Assets to reduce memory usage. Loaded Objects now: 1565.
Total: 1.959900 ms (FindLiveObjects: 0.172900 ms CreateObjectMapping: 0.039500 ms MarkObjects: 1.713200 ms  DeleteObjects: 0.032200 ms)

========================================================================
Received Import Request.
  Time since last request: 95.753075 seconds.
  path: Assets/Exercises/Exercise2/MoveAlongPath.cs
  artifactKey: Guid(987a94d46ac7d84469930ead9109f127) Importer(815301076,1909f56bfc062723c751e8b465ee728b)
Start importing Assets/Exercises/Exercise2/MoveAlongPath.cs using Guid(987a94d46ac7d84469930ead9109f127) Importer(815301076,1909f56bfc062723c751e8b465ee728b)  -> (artifact id: 'e1aeccbed256a172daae79add7d4381a') in 0.005729 seconds
  Import took 0.008239 seconds .

========================================================================
Received Prepare
Registering precompiled user dll's ...
Registered in 0.000637 seconds.
Begin MonoManager ReloadAssembly
Native extension for WindowsStandalone target not found
Refreshing native plugins compatible for Editor in 0.32 ms, found 0 plugins.
Preloading 0 native plugins for Editor in 0.00 ms.
Invoked RoslynAnalysisRunner static constructor.
RoslynAnalysisRunner will not be running.
RoslynAnalysisRunner has terminated.
Mono: successfully reloaded assembly
- Completed reload, in  1.218 seconds
Platform modules already initialized, skipping
Refreshing native plugins compatible for Editor in 0.31 ms, found 0 plugins.
Preloading 0 native plugins for Editor in 0.00 ms.
Unloading 1113 Unused Serialized files (Serialized files now loaded: 0)
System memory in use before: 57.4 MB.
System memory in use after: 57.5 MB.

Unloading 4 unused Assets to reduce memory usage. Loaded Objects now: 1567.
Total: 2.279800 ms (FindLiveObjects: 0.172300 ms CreateObjectMapping: 0.032100 ms MarkObjects: 2.049500 ms  DeleteObjects: 0.023900 ms)

========================================================================
Received Prepare
Registering precompiled user dll's ...
Registered in 0.000636 seconds.
Begin MonoManager ReloadAssembly
Native extension for WindowsStandalone target not found
Refreshing native plugins compatible for Editor in 0.24 ms, found 0 plugins.
Preloading 0 native plugins for Editor in 0.00 ms.
Invoked RoslynAnalysisRunner static constructor.
RoslynAnalysisRunner will not be running.
RoslynAnalysisRunner has terminated.
Mono: successfully reloaded assembly
- Completed reload, in  1.212 seconds
Platform modules already initialized, skipping
Refreshing native plugins compatible for Editor in 0.26 ms, found 0 plugins.
Preloading 0 native plugins for Editor in 0.00 ms.
Unloading 1113 Unused Serialized files (Serialized files now loaded: 0)
System memory in use before: 57.6 MB.
System memory in use after: 57.7 MB.

Unloading 4 unused Assets to reduce memory usage. Loaded Objects now: 1569.
Total: 2.082200 ms (FindLiveObjects: 0.176200 ms CreateObjectMapping: 0.034800 ms MarkObjects: 1.850900 ms  DeleteObjects: 0.018300 ms)

========================================================================
Received Import Request.
  Time since last request: 39.894024 seconds.
  path: Assets/Exercises/Exercise2/MoveAlongPath.cs
  artifactKey: Guid(987a94d46ac7d84469930ead9109f127) Importer(815301076,1909f56bfc062723c751e8b465ee728b)
Start importing Assets/Exercises/Exercise2/MoveAlongPath.cs using Guid(987a94d46ac7d84469930ead9109f127) Importer(815301076,1909f56bfc062723c751e8b465ee728b)  -> (artifact id: '5ea9798190fae92e8f33cf09d452c69b') in 0.006814 seconds
  Import took 0.009467 seconds .

========================================================================
Received Import Request.
  Time since last request: 1.927494 seconds.
  path: Assets/Exercises/Exercise2/MoveAlongPath.cs
  artifactKey: Guid(987a94d46ac7d84469930ead9109f127) Importer(815301076,1909f56bfc062723c751e8b465ee728b)
Start importing Assets/Exercises/Exercise2/MoveAlongPath.cs using Guid(987a94d46ac7d84469930ead9109f127) Importer(815301076,1909f56bfc062723c751e8b465ee728b)  -> (artifact id: '5ea9798190fae92e8f33cf09d452c69b') in 0.009152 seconds
  Import took 0.011457 seconds .

========================================================================
Received Prepare
Registering precompiled user dll's ...
Registered in 0.000832 seconds.
Begin MonoManager ReloadAssembly
Native extension for WindowsStandalone target not found
Refreshing native plugins compatible for Editor in 0.24 ms, found 0 plugins.
Preloading 0 native plugins for Editor in 0.00 ms.
Invoked RoslynAnalysisRunner static constructor.
RoslynAnalysisRunner will not be running.
RoslynAnalysisRunner has terminated.
Mono: successfully reloaded assembly
- Completed reload, in  1.185 seconds
Platform modules already initialized, skipping
Refreshing native plugins compatible for Editor in 0.26 ms, found 0 plugins.
Preloading 0 native plugins for Editor in 0.00 ms.
Unloading 1113 Unused Serialized files (Serialized files now loaded: 0)
System memory in use before: 57.7 MB.
System memory in use after: 57.8 MB.

Unloading 4 unused Assets to reduce memory usage. Loaded Objects now: 1571.
Total: 1.938600 ms (FindLiveObjects: 0.165800 ms CreateObjectMapping: 0.038000 ms MarkObjects: 1.709300 ms  DeleteObjects: 0.017100 ms)

========================================================================
Received Prepare
Registering precompiled user dll's ...
Registered in 0.000666 seconds.
Begin MonoManager ReloadAssembly
Native extension for WindowsStandalone target not found
Refreshing native plugins compatible for Editor in 0.24 ms, found 0 plugins.
Preloading 0 native plugins for Editor in 0.00 ms.
Invoked RoslynAnalysisRunner static constructor.
RoslynAnalysisRunner will not be running.
RoslynAnalysisRunner has terminated.
Mono: successfully reloaded assembly
- Completed reload, in  1.187 seconds
Platform modules already initialized, skipping
Refreshing native plugins compatible for Editor in 0.23 ms, found 0 plugins.
Preloading 0 native plugins for Editor in 0.00 ms.
Unloading 1113 Unused Serialized files (Serialized files now loaded: 0)
System memory in use before: 57.9 MB.
System memory in use after: 58.0 MB.

Unloading 4 unused Assets to reduce memory usage. Loaded Objects now: 1573.
Total: 2.208500 ms (FindLiveObjects: 0.170600 ms CreateObjectMapping: 0.032400 ms MarkObjects: 1.984300 ms  DeleteObjects: 0.019400 ms)

========================================================================
Received Import Request.
  Time since last request: 201.448443 seconds.
  path: Assets/Exercises/Exercise2/MoveAlongPath.cs
  artifactKey: Guid(987a94d46ac7d84469930ead9109f127) Importer(815301076,1909f56bfc062723c751e8b465ee728b)
Start importing Assets/Exercises/Exercise2/MoveAlongPath.cs using Guid(987a94d46ac7d84469930ead9109f127) Importer(815301076,1909f56bfc062723c751e8b465ee728b)  -> (artifact id: '0ddeb48695dace9c86b333c982bca6db') in 0.006577 seconds
  Import took 0.009800 seconds .

========================================================================
Received Prepare
Registering precompiled user dll's ...
Registered in 0.000865 seconds.
Begin MonoManager ReloadAssembly
Native extension for WindowsStandalone target not found
Refreshing native plugins compatible for Editor in 0.24 ms, found 0 plugins.
Preloading 0 native plugins for Editor in 0.00 ms.
Invoked RoslynAnalysisRunner static constructor.
RoslynAnalysisRunner will not be running.
RoslynAnalysisRunner has terminated.
Mono: successfully reloaded assembly
- Completed reload, in  1.156 seconds
Platform modules already initialized, skipping
Refreshing native plugins compatible for Editor in 0.24 ms, found 0 plugins.
Preloading 0 native plugins for Editor in 0.00 ms.
Unloading 1113 Unused Serialized files (Serialized files now loaded: 0)
System memory in use before: 57.9 MB.
System memory in use after: 58.0 MB.

Unloading 4 unused Assets to reduce memory usage. Loaded Objects now: 1575.
Total: 2.336000 ms (FindLiveObjects: 0.198000 ms CreateObjectMapping: 0.080400 ms MarkObjects: 2.036500 ms  DeleteObjects: 0.019400 ms)

========================================================================
Received Prepare
Registering precompiled user dll's ...
Registered in 0.000748 seconds.
Begin MonoManager ReloadAssembly
Native extension for WindowsStandalone target not found
Refreshing native plugins compatible for Editor in 0.24 ms, found 0 plugins.
Preloading 0 native plugins for Editor in 0.00 ms.
Invoked RoslynAnalysisRunner static constructor.
RoslynAnalysisRunner will not be running.
RoslynAnalysisRunner has terminated.
Mono: successfully reloaded assembly
- Completed reload, in  1.273 seconds
Platform modules already initialized, skipping
Refreshing native plugins compatible for Editor in 0.24 ms, found 0 plugins.
Preloading 0 native plugins for Editor in 0.00 ms.
Unloading 1113 Unused Serialized files (Serialized files now loaded: 0)
System memory in use before: 58.1 MB.
System memory in use after: 58.2 MB.

Unloading 4 unused Assets to reduce memory usage. Loaded Objects now: 1577.
Total: 1.970300 ms (FindLiveObjects: 0.173800 ms CreateObjectMapping: 0.039900 ms MarkObjects: 1.736300 ms  DeleteObjects: 0.018900 ms)

========================================================================
Received Import Request.
  Time since last request: 60.289766 seconds.
  path: Assets/Exercises/Exercise2/MoveAlongPath.cs
  artifactKey: Guid(987a94d46ac7d84469930ead9109f127) Importer(815301076,1909f56bfc062723c751e8b465ee728b)
Start importing Assets/Exercises/Exercise2/MoveAlongPath.cs using Guid(987a94d46ac7d84469930ead9109f127) Importer(815301076,1909f56bfc062723c751e8b465ee728b)  -> (artifact id: '8fc0f76700f1ca50cc26bb3bb2226d2e') in 0.007364 seconds
  Import took 0.010161 seconds .

========================================================================
Received Import Request.
  Time since last request: 42.962457 seconds.
  path: Assets/Exercises/Common/Utils.cs
  artifactKey: Guid(93b58e316b6494c48be396288c594961) Importer(815301076,1909f56bfc062723c751e8b465ee728b)
Start importing Assets/Exercises/Common/Utils.cs using Guid(93b58e316b6494c48be396288c594961) Importer(815301076,1909f56bfc062723c751e8b465ee728b)  -> (artifact id: '6c363440dae64aece93b9e3c369d8bc7') in 0.011526 seconds
  Import took 0.016442 seconds .

========================================================================
Received Prepare
Registering precompiled user dll's ...
Registered in 0.000702 seconds.
Begin MonoManager ReloadAssembly
Native extension for WindowsStandalone target not found
Refreshing native plugins compatible for Editor in 0.34 ms, found 0 plugins.
Preloading 0 native plugins for Editor in 0.00 ms.
Invoked RoslynAnalysisRunner static constructor.
RoslynAnalysisRunner will not be running.
RoslynAnalysisRunner has terminated.
Mono: successfully reloaded assembly
- Completed reload, in  1.174 seconds
Platform modules already initialized, skipping
Refreshing native plugins compatible for Editor in 0.26 ms, found 0 plugins.
Preloading 0 native plugins for Editor in 0.00 ms.
Unloading 1113 Unused Serialized files (Serialized files now loaded: 0)
System memory in use before: 58.3 MB.
System memory in use after: 58.4 MB.

Unloading 4 unused Assets to reduce memory usage. Loaded Objects now: 1579.
Total: 1.848100 ms (FindLiveObjects: 0.163700 ms CreateObjectMapping: 0.032600 ms MarkObjects: 1.628200 ms  DeleteObjects: 0.021700 ms)

AssetImportWorkerClient::OnTransportError - code=2 error=End of file
